<?xml version="1.0" encoding="UTF-8"?>
<testsuite name="TriangleTest" tests="9" skipped="0" failures="0" errors="0" timestamp="2016-04-25T18:34:07" hostname="epicodus-59.local" time="0.003">
  <properties/>
  <testcase name="isEquilateral_allSidesEqual_false" classname="TriangleTest" time="0.002"/>
  <testcase name="newTriangle_instantiatesCorrectly" classname="TriangleTest" time="0.0"/>
  <testcase name="getSide1_getsTriangleSide1_2" classname="TriangleTest" time="0.0"/>
  <testcase name="isTriangle_twoSidesGreaterThanThird_true" classname="TriangleTest" time="0.0"/>
  <testcase name="getSide2_getsTriangleSide2_4" classname="TriangleTest" time="0.0"/>
  <testcase name="getSide3_getsTriangleSide3_2" classname="TriangleTest" time="0.0"/>
  <testcase name="isScalene_noSidesEqual_true" classname="TriangleTest" time="0.0"/>
  <testcase name="isIsosceles_twoSidesEqual_true" classname="TriangleTest" time="0.0"/>
  <testcase name="isEquilateral_allSidesEqual_true" classname="TriangleTest" time="0.0"/>
  <system-out><![CDATA[]]></system-out>
  <system-err><![CDATA[]]></system-err>
</testsuite>
